<?xml version="1.0" encoding="UTF-8"?>
<testsuite xmlns:xsi="http://www.w3.org/2001/XMLSchema-instance" xsi:noNamespaceSchemaLocation="https://maven.apache.org/surefire/maven-surefire-plugin/xsd/surefire-test-report-3.0.xsd" version="3.0" name="com.greenhouse.GreenhouseApplicationTests" time="6.86" tests="1" errors="0" skipped="0" failures="0">
  <properties>
[...]
</properties>
  <testcase name="contextLoads" classname="com.greenhouse.GreenhouseApplicationTests" time="0.716">
    <system-out><![CDATA[13:59:30.416 [main] INFO org.springframework.test.context.support.AnnotationConfigContextLoaderUtils -- Could not detect default configuration classes for test class [com.greenhouse.GreenhouseApplicationTests]: GreenhouseApplicationTests does not declare any static, non-private, non-final, nested classes annotated with @Configuration.
13:59:30.557 [main] INFO org.springframework.boot.test.context.SpringBootTestContextBootstrapper -- Found @SpringBootConfiguration com.greenhouse.GreenhouseApplication for test class com.greenhouse.GreenhouseApplicationTests
13:59:30.782 [main] INFO org.springframework.boot.devtools.restart.RestartApplicationListener -- Restart disabled due to context in which it is running

  .   ____          _            __ _ _
 /\\ / ___'_ __ _ _(_)_ __  __ _ \ \ \ \
( ( )\___ | '_ | '_| | '_ \/ _` | \ \ \ \
 \\/  ___)| |_)| | | | | || (_| |  ) ) ) )
  '  |____| .__|_| |_|_| |_\__, | / / / /
 =========|_|==============|___/=/_/_/_/
 :: Spring Boot ::                (v3.2.3)

2025-06-10T13:59:31.101+02:00  INFO 23116 --- [           main] c.greenhouse.GreenhouseApplicationTests  : Starting GreenhouseApplicationTests using Java 21.0.7 with PID 23116 (started by Szymon in C:\szkolenie_copilot\greenhouse-tracker)
2025-06-10T13:59:31.102+02:00 DEBUG 23116 --- [           main] c.greenhouse.GreenhouseApplicationTests  : Running with Spring Boot v3.2.3, Spring v6.1.4
2025-06-10T13:59:31.103+02:00  INFO 23116 --- [           main] c.greenhouse.GreenhouseApplicationTests  : No active profile set, falling back to 1 default profile: "default"
2025-06-10T13:59:32.125+02:00  INFO 23116 --- [           main] .s.d.r.c.RepositoryConfigurationDelegate : Bootstrapping Spring Data JPA repositories in DEFAULT mode.
2025-06-10T13:59:32.203+02:00  INFO 23116 --- [           main] .s.d.r.c.RepositoryConfigurationDelegate : Finished Spring Data repository scanning in 66 ms. Found 2 JPA repository interfaces.
2025-06-10T13:59:32.671+02:00  INFO 23116 --- [           main] com.zaxxer.hikari.HikariDataSource       : HikariPool-1 - Starting...
2025-06-10T13:59:33.066+02:00  INFO 23116 --- [           main] com.zaxxer.hikari.pool.HikariPool        : HikariPool-1 - Added connection conn0: url=jdbc:h2:file:./greenhousedb user=SA
2025-06-10T13:59:33.069+02:00  INFO 23116 --- [           main] com.zaxxer.hikari.HikariDataSource       : HikariPool-1 - Start completed.
2025-06-10T13:59:33.211+02:00  INFO 23116 --- [           main] o.hibernate.jpa.internal.util.LogHelper  : HHH000204: Processing PersistenceUnitInfo [name: default]
2025-06-10T13:59:33.302+02:00  INFO 23116 --- [           main] org.hibernate.Version                    : HHH000412: Hibernate ORM core version 6.4.4.Final
2025-06-10T13:59:33.350+02:00  INFO 23116 --- [           main] o.h.c.internal.RegionFactoryInitiator    : HHH000026: Second-level cache disabled
2025-06-10T13:59:33.789+02:00  INFO 23116 --- [           main] o.s.o.j.p.SpringPersistenceUnitInfo      : No LoadTimeWeaver setup: ignoring JPA class transformer
2025-06-10T13:59:33.877+02:00  WARN 23116 --- [           main] org.hibernate.orm.deprecation            : HHH90000025: H2Dialect does not need to be specified explicitly using 'hibernate.dialect' (remove the property setting and it will be selected by default)
2025-06-10T13:59:34.931+02:00  INFO 23116 --- [           main] o.h.e.t.j.p.i.JtaPlatformInitiator       : HHH000489: No JTA platform available (set 'hibernate.transaction.jta.platform' to enable JTA platform integration)
Hibernate: create table greenhouses (id bigint generated by default as identity, location varchar(255), name varchar(255) not null, size_sqm float(53), primary key (id))
Hibernate: create table vegetables (id bigint generated by default as identity, expected_harvest_date date, name varchar(255) not null, notes varchar(255), planting_date date, variety varchar(255) not null, greenhouse_id bigint not null, primary key (id))
Hibernate: alter table if exists vegetables add constraint FKti98g8ctpmukwqxrliwtftex4 foreign key (greenhouse_id) references greenhouses
2025-06-10T13:59:35.000+02:00  INFO 23116 --- [           main] j.LocalContainerEntityManagerFactoryBean : Initialized JPA EntityManagerFactory for persistence unit 'default'
2025-06-10T13:59:35.681+02:00  WARN 23116 --- [           main] JpaBaseConfiguration$JpaWebConfiguration : spring.jpa.open-in-view is enabled by default. Therefore, database queries may be performed during view rendering. Explicitly configure spring.jpa.open-in-view to disable this warning
2025-06-10T13:59:36.227+02:00  INFO 23116 --- [           main] o.s.b.a.h2.H2ConsoleAutoConfiguration    : H2 console available at '/h2-console'. Database available at 'jdbc:h2:file:./greenhousedb'
2025-06-10T13:59:36.309+02:00  INFO 23116 --- [           main] c.greenhouse.GreenhouseApplicationTests  : Started GreenhouseApplicationTests in 5.551 seconds (process running for 6.727)
]]></system-out>
    <system-err><![CDATA[WARNING: A Java agent has been loaded dynamically (C:\Users\Szymon\.m2\repository\net\bytebuddy\byte-buddy-agent\1.14.12\byte-buddy-agent-1.14.12.jar)
WARNING: If a serviceability tool is in use, please run with -XX:+EnableDynamicAgentLoading to hide this warning
WARNING: If a serviceability tool is not in use, please run with -Djdk.instrument.traceUsage for more information
WARNING: Dynamic loading of agents will be disallowed by default in a future release
]]></system-err>
  </testcase>
</testsuite>